  stdafx.cpp
  Solver.cpp
c:\users\malte\desktop\progressivefailureanalysis\pfa\pfa\solver.cpp(44): warning C4018: '<': signed/unsigned mismatch
c:\users\malte\desktop\progressivefailureanalysis\pfa\pfa\solver.cpp(55): warning C4018: '<': signed/unsigned mismatch
c:\users\malte\desktop\progressivefailureanalysis\pfa\pfa\solver.cpp(109): warning C4018: '<': signed/unsigned mismatch
c:\users\malte\desktop\progressivefailureanalysis\pfa\pfa\solver.cpp(132): warning C4018: '<': signed/unsigned mismatch
c:\users\malte\desktop\progressivefailureanalysis\pfa\pfa\solver.cpp(161): warning C4018: '<': signed/unsigned mismatch
c:\users\malte\desktop\progressivefailureanalysis\pfa\pfa\solver.cpp(175): warning C4018: '<': signed/unsigned mismatch
c:\users\malte\desktop\progressivefailureanalysis\pfa\pfa\solver.cpp(195): warning C4018: '<': signed/unsigned mismatch
c:\users\malte\desktop\progressivefailureanalysis\pfa\pfa\solver.cpp(201): warning C4018: '<': signed/unsigned mismatch
c:\users\malte\desktop\progressivefailureanalysis\pfa\pfa\solver.cpp(212): warning C4018: '<': signed/unsigned mismatch
c:\users\malte\desktop\progressivefailureanalysis\pfa\pfa\solver.cpp(218): warning C4018: '<': signed/unsigned mismatch
c:\users\malte\desktop\progressivefailureanalysis\pfa\pfa\solver.cpp(231): warning C4018: '<': signed/unsigned mismatch
c:\users\malte\desktop\progressivefailureanalysis\pfa\pfa\solver.cpp(239): warning C4554: '|': check operator precedence for possible error; use parentheses to clarify precedence
c:\users\malte\desktop\progressivefailureanalysis\pfa\pfa\solver.cpp(242): warning C4018: '<': signed/unsigned mismatch
  PFA.cpp
c:\users\malte\desktop\progressivefailureanalysis\pfa\pfa\pfa.cpp(22): warning C4018: '<': signed/unsigned mismatch
c:\users\malte\desktop\progressivefailureanalysis\pfa\pfa\pfa.cpp(56): warning C4018: '<': signed/unsigned mismatch
c:\users\malte\desktop\progressivefailureanalysis\pfa\pfa\pfa.cpp(62): warning C4018: '<': signed/unsigned mismatch
c:\users\malte\desktop\progressivefailureanalysis\pfa\pfa\pfa.cpp(72): warning C4554: '|': check operator precedence for possible error; use parentheses to clarify precedence
c:\users\malte\desktop\progressivefailureanalysis\pfa\pfa\pfa.cpp(74): warning C4018: '<': signed/unsigned mismatch
c:\users\malte\desktop\progressivefailureanalysis\pfa\pfa\pfa.cpp(76): warning C4018: '<': signed/unsigned mismatch
c:\users\malte\desktop\progressivefailureanalysis\pfa\pfa\pfa.cpp(89): warning C4554: '|': check operator precedence for possible error; use parentheses to clarify precedence
c:\users\malte\desktop\progressivefailureanalysis\pfa\pfa\pfa.cpp(91): warning C4018: '<': signed/unsigned mismatch
c:\users\malte\desktop\progressivefailureanalysis\pfa\pfa\pfa.cpp(93): warning C4018: '<': signed/unsigned mismatch
c:\users\malte\desktop\progressivefailureanalysis\pfa\pfa\pfa.cpp(95): warning C4018: '<': signed/unsigned mismatch
c:\users\malte\desktop\progressivefailureanalysis\pfa\pfa\pfa.cpp(111): warning C4554: '|': check operator precedence for possible error; use parentheses to clarify precedence
c:\users\malte\desktop\progressivefailureanalysis\pfa\pfa\pfa.cpp(113): warning C4018: '<': signed/unsigned mismatch
c:\users\malte\desktop\progressivefailureanalysis\pfa\pfa\pfa.cpp(115): warning C4018: '<': signed/unsigned mismatch
c:\users\malte\desktop\progressivefailureanalysis\pfa\pfa\pfa.cpp(117): warning C4018: '<': signed/unsigned mismatch
c:\users\malte\desktop\progressivefailureanalysis\pfa\pfa\pfa.cpp(119): warning C4018: '<': signed/unsigned mismatch
c:\users\malte\desktop\progressivefailureanalysis\pfa\pfa\pfa.cpp(143): warning C4018: '<': signed/unsigned mismatch
  Elements.cpp
  Generating Code...
  LINK : C:\Users\Malte\Desktop\ProgressiveFailureAnalysis\PFA\Debug\PFA.exe not found or not built by the last incremental link; performing full link
  PFA.vcxproj -> C:\Users\Malte\Desktop\ProgressiveFailureAnalysis\PFA\Debug\PFA.exe
